--- Startup times for process: Primary (or UI client) ---

times in msec
 clock   self+sourced   self:  sourced script
 clock   elapsed:              other lines

000.004  000.004: --- NVIM STARTING ---
000.199  000.195: event init
000.378  000.179: early init
000.443  000.065: locale set
000.518  000.075: init first window
001.067  000.549: inits 1
001.086  000.019: window checked
001.089  000.003: parsing arguments
001.582  000.045  000.045: require('vim.shared')
001.655  000.030  000.030: require('vim.inspect')
001.692  000.031  000.031: require('vim._options')
001.694  000.108  000.047: require('vim._editor')
001.695  000.178  000.025: require('vim._init_packages')
001.697  000.429: init lua interpreter
004.164  002.468: nvim_ui_attach
004.457  000.292: nvim_set_client_info
004.460  000.004: --- NVIM STARTED ---

--- Startup times for process: Embedded ---

times in msec
 clock   self+sourced   self:  sourced script
 clock   elapsed:              other lines

000.002  000.002: --- NVIM STARTING ---
000.205  000.203: event init
000.347  000.142: early init
000.408  000.060: locale set
000.469  000.061: init first window
000.879  000.410: inits 1
000.899  000.020: window checked
000.902  000.003: parsing arguments
001.414  000.035  000.035: require('vim.shared')
001.488  000.033  000.033: require('vim.inspect')
001.526  000.031  000.031: require('vim._options')
001.528  000.111  000.047: require('vim._editor')
001.529  000.171  000.025: require('vim._init_packages')
001.530  000.458: init lua interpreter
001.758  000.228: expanding arguments
001.794  000.036: inits 2
002.020  000.226: init highlight
002.021  000.001: waiting for UI
002.153  000.132: done waiting for UI
002.156  000.003: clear screen
002.349  000.023  000.023: require('vim.keymap')
002.994  000.126  000.126: sourcing nvim_exec2()
003.231  001.066  000.918: require('vim._defaults')
003.235  000.013: init default mappings & autocommands
003.647  000.059  000.059: sourcing /home/excyber/.local/nvim-linux-x86_64/share/nvim/runtime/ftplugin.vim
003.692  000.016  000.016: sourcing /home/excyber/.local/nvim-linux-x86_64/share/nvim/runtime/indent.vim
004.418  000.613  000.613: require('utils')
004.650  000.026  000.026: sourcing nvim_exec2() called at /home/excyber/.config/nvim/init.lua:0
004.655  000.001  000.001: sourcing nvim_exec2() called at /home/excyber/.config/nvim/init.lua:0
004.659  000.003  000.003: sourcing nvim_exec2() called at /home/excyber/.config/nvim/init.lua:0
005.056  000.049  000.049: sourcing /home/excyber/.config/nvim/ftdetect/fasm64bits.lua
005.080  000.144  000.095: sourcing nvim_exec2() called at /home/excyber/.local/nvim-linux-x86_64/share/nvim/runtime/filetype.lua:0
005.082  000.227  000.083: sourcing /home/excyber/.local/nvim-linux-x86_64/share/nvim/runtime/filetype.lua
005.135  000.019  000.019: sourcing /home/excyber/.local/nvim-linux-x86_64/share/nvim/runtime/ftplugin.vim
005.166  000.006  000.006: sourcing /home/excyber/.local/nvim-linux-x86_64/share/nvim/runtime/indent.vim
005.173  000.367  000.114: sourcing nvim_exec2() called at /home/excyber/.config/nvim/init.lua:0
005.181  000.006  000.006: sourcing nvim_exec2() called at /home/excyber/.config/nvim/init.lua:0
005.632  000.008  000.008: sourcing nvim_exec2() called at /home/excyber/.config/nvim/init.lua:0
005.657  000.002  000.002: sourcing nvim_exec2() called at /home/excyber/.config/nvim/init.lua:0
005.784  000.017  000.017: sourcing nvim_exec2() called at /home/excyber/.config/nvim/init.lua:0
005.788  000.002  000.002: sourcing nvim_exec2() called at /home/excyber/.config/nvim/init.lua:0
005.795  000.001  000.001: sourcing nvim_exec2() called at /home/excyber/.config/nvim/init.lua:0
005.800  000.002  000.002: sourcing nvim_exec2() called at /home/excyber/.config/nvim/init.lua:0
005.817  000.002  000.002: sourcing nvim_exec2() called at /home/excyber/.config/nvim/init.lua:0
009.280  000.061  000.061: sourcing nvim_exec2() called at /home/excyber/.config/nvim/init.lua:0
009.300  004.878  004.381: require('options')
010.583  000.079  000.079: sourcing nvim_exec2() called at /home/excyber/.config/nvim/init.lua:0
010.601  000.008  000.008: sourcing nvim_exec2() called at /home/excyber/.config/nvim/init.lua:0
010.605  000.003  000.003: sourcing nvim_exec2() called at /home/excyber/.config/nvim/init.lua:0
010.609  000.002  000.002: sourcing nvim_exec2() called at /home/excyber/.config/nvim/init.lua:0
010.643  000.005  000.005: sourcing nvim_exec2() called at /home/excyber/.config/nvim/init.lua:0
010.813  001.508  001.412: require('autocommands')
010.882  000.065  000.065: require('commands')
014.672  003.789  003.789: require('keymaps')
015.186  000.503  000.503: require('lazy-bootstrap')
015.887  000.092  000.092: require('plugins.colorscheme')
015.970  000.076  000.076: require('plugins.indent-blankline')
016.067  000.095  000.095: require('plugins.treesitter')
016.158  000.088  000.088: require('plugins.focus')
016.200  000.038  000.038: require('plugins.coerce')
016.256  000.054  000.054: require('plugins.Comment')
016.333  000.076  000.076: require('plugins.fine-cmdline')
016.371  000.037  000.037: require('plugins.codewindow')
016.394  000.022  000.022: require('plugins.neogit')
016.471  000.075  000.075: require('plugins.gitsigns')
016.504  000.032  000.032: require('plugins.git_conflict')
016.665  000.159  000.159: require('plugins.diffview')
016.704  000.037  000.037: require('plugins.nvim-hlslens')
016.756  000.050  000.050: require('plugins.which-key')
017.582  000.825  000.825: require('plugins.telescope')
017.671  000.079  000.079: require('plugins.fzf-lua')
017.819  000.146  000.146: require('plugins.blink-cmp')
017.887  000.067  000.067: require('plugins.conform')
017.916  000.027  000.027: require('plugins.todo-comments')
017.981  000.064  000.064: require('plugins.toggleterm')
018.469  000.250  000.250: require('vim.version')
021.303  003.321  003.071: require('plugins.mini')
021.494  000.181  000.181: require('plugins.vim-matchup')
021.541  000.045  000.045: require('plugins.autopairs')
021.600  000.057  000.057: require('plugins.dap')
021.652  000.051  000.051: require('plugins.move')
021.686  000.034  000.034: require('plugins.bufjump')
021.710  000.023  000.023: require('plugins.undotree')
022.312  000.600  000.600: require('plugins.inc-rename')
022.463  000.145  000.145: require('plugins.harpoon')
022.502  000.037  000.037: require('plugins.dressing')
022.536  000.032  000.032: require('plugins.lint')
022.633  000.096  000.096: require('plugins.oil')
024.183  000.011  000.011: require('vim.F')
024.244  001.220  001.209: require('vim.diagnostic')
024.248  001.600  000.379: require('plugins.nvim-tree')
024.327  000.078  000.078: require('plugins.yazi')
024.377  000.049  000.049: require('plugins.colorizer')
024.416  000.037  000.037: require('plugins.better-scape')
024.478  000.061  000.061: require('plugins.noice')
024.517  000.038  000.038: require('plugins.live-command')
024.551  000.032  000.032: require('plugins.guess-indent')
024.579  000.026  000.026: require('plugins.scope')
024.739  000.154  000.154: require('plugins.ressession')
025.072  000.330  000.330: require('plugins.neo-tree')
025.156  000.079  000.079: require('plugins.aerial')
025.206  000.048  000.048: require('plugins.spider')
025.324  000.117  000.117: require('plugins.multiple-cursors')
025.356  000.030  000.030: require('plugins.improved-ft')
025.476  000.118  000.118: require('plugins.incline')
025.507  000.030  000.030: require('plugins.cycler')
027.008  001.500  001.500: require('plugins.snap')
027.304  000.286  000.286: require('plugins.bufmanager')
027.526  000.219  000.219: require('plugins.cybu')
027.622  000.093  000.093: require('plugins.img-clip')
027.719  000.096  000.096: require('plugins.marks')
027.766  000.045  000.045: require('plugins.portal')
027.967  000.199  000.199: require('plugins.submode')
028.331  000.363  000.363: require('plugins.cmdbuf')
028.420  000.085  000.085: require('plugins.compile-mode')
028.569  000.147  000.147: require('plugins.searchbox')
028.679  000.109  000.109: require('plugins.stickybuf')
028.963  000.223  000.223: require('plugins.lsp.dependencies')
029.080  000.115  000.115: require('plugins.lsp.config')
029.082  000.402  000.064: require('plugins.lsp')
029.122  000.039  000.039: require('plugins.nvim-snippy')
029.155  000.030  000.030: require('plugins.tmux-file-jump')
029.188  000.032  000.032: require('plugins.zen-mode')
029.222  000.032  000.032: require('plugins.text-case')
029.412  000.111  000.111: require('lazy')
029.457  000.024  000.024: require('ffi')
029.519  000.032  000.032: require('vim.fs')
029.606  000.082  000.082: require('vim.uri')
029.619  000.160  000.047: require('vim.loader')
030.037  000.399  000.399: require('lazy.stats')
030.254  000.147  000.147: require('lazy.core.util')
030.402  000.145  000.145: require('lazy.core.config')
030.576  000.069  000.069: require('lazy.core.handler')
030.809  000.067  000.067: require('lazy.pkg')
030.814  000.140  000.073: require('lazy.core.meta')
030.922  000.344  000.204: require('lazy.core.plugin')
030.929  000.525  000.113: require('lazy.core.loader')
031.385  000.107  000.107: require('lazy.core.fragments')
032.212  000.086  000.086: require('lazy.core.handler.event')
032.218  000.152  000.066: require('lazy.core.handler.ft')
032.258  000.037  000.037: require('lazy.core.handler.cmd')
032.300  000.040  000.040: require('lazy.core.handler.keys')
032.573  000.037  000.037: sourcing /home/excyber/.local/nvim-linux-x86_64/share/nvim/runtime/filetype.lua
032.579  000.082  000.045: sourcing nvim_exec2() called at /home/excyber/.config/nvim/init.lua:0
033.697  000.016  000.016: sourcing nvim_exec2() called at ColorSchemePre Autocommands for "*":0
033.711  000.001  000.001: sourcing nvim_exec2() called at ColorSchemePre Autocommands for "*":0
034.356  000.078  000.078: require('personal.config')
034.365  000.472  000.394: require('personal')
034.542  000.171  000.171: sourcing nvim_exec2() called at /home/excyber/.local/share/nvim/lazy/colorscheme.nvim/colors/personal.lua:0
034.652  000.096  000.096: sourcing nvim_exec2() called at /home/excyber/.local/share/nvim/lazy/colorscheme.nvim/colors/personal.lua:0
035.424  000.140  000.140: require('palette.color')
035.985  000.479  000.479: require('palette.pastel')
036.062  000.629  000.150: require('palette.cephon_altera')
036.160  001.024  000.256: require('palette')
036.244  000.082  000.082: require('palette.vscode_colors')
036.476  001.809  000.703: require('personal.highlight')
037.429  003.591  001.043: sourcing /home/excyber/.local/share/nvim/lazy/colorscheme.nvim/colors/personal.lua
037.876  000.114  000.114: sourcing /home/excyber/.local/nvim-linux-x86_64/share/nvim/runtime/plugin/editorconfig.lua
037.884  000.169  000.056: sourcing nvim_exec2() called at /home/excyber/.config/nvim/init.lua:0
037.992  000.084  000.084: sourcing /home/excyber/.local/nvim-linux-x86_64/share/nvim/runtime/plugin/man.lua
037.994  000.104  000.020: sourcing nvim_exec2() called at /home/excyber/.config/nvim/init.lua:0
038.430  000.169  000.169: sourcing /home/excyber/.local/nvim-linux-x86_64/share/nvim/runtime/pack/dist/opt/matchit/plugin/matchit.vim
038.449  000.433  000.263: sourcing /home/excyber/.local/nvim-linux-x86_64/share/nvim/runtime/plugin/matchit.vim
038.452  000.453  000.020: sourcing nvim_exec2() called at /home/excyber/.config/nvim/init.lua:0
038.659  000.115  000.115: sourcing /home/excyber/.local/nvim-linux-x86_64/share/nvim/runtime/plugin/osc52.lua
038.663  000.143  000.028: sourcing nvim_exec2() called at /home/excyber/.config/nvim/init.lua:0
038.756  000.049  000.049: sourcing /home/excyber/.local/nvim-linux-x86_64/share/nvim/runtime/plugin/shada.vim
038.759  000.070  000.021: sourcing nvim_exec2() called at /home/excyber/.config/nvim/init.lua:0
038.792  000.008  000.008: sourcing /home/excyber/.local/nvim-linux-x86_64/share/nvim/runtime/plugin/spellfile.vim
038.795  000.032  000.024: sourcing nvim_exec2() called at /home/excyber/.config/nvim/init.lua:0
038.933  023.740  003.965: require('lazy-plugins')
038.938  035.196  000.100: sourcing /home/excyber/.config/nvim/init.lua
038.954  000.447: sourcing vimrc file(s)
039.263  000.074  000.074: sourcing /home/excyber/.local/nvim-linux-x86_64/share/nvim/runtime/syntax/synload.vim
039.362  000.381  000.307: sourcing /home/excyber/.local/nvim-linux-x86_64/share/nvim/runtime/syntax/syntax.vim
039.378  000.043: inits 3
039.488  000.110: opening buffers
039.490  000.002: BufEnter autocommands
039.493  000.004: editing files in windows
039.839  000.346: VimEnter autocommands
040.062  000.140  000.140: require('vim.termcap')
040.123  000.039  000.039: require('vim.text')
040.227  000.210: UIEnter autocommands
040.231  000.004: before starting main loop
040.434  000.203: first screen update
040.437  000.004: --- NVIM STARTED ---

